<?xml version="1.0" encoding="UTF-8"?>
<testsuite name="com.krasouski.data.ExampleUnitTest" tests="1" skipped="0" failures="0" errors="0" timestamp="2025-09-17T14:47:26.583Z" hostname="MacBook-Air-Anton.local" time="0.004">
  <properties/>
  <testcase name="addition_isCorrect" classname="com.krasouski.data.ExampleUnitTest" time="0.004"/>
  <system-out><![CDATA[]]></system-out>
  <system-err><![CDATA[]]></system-err>
</testsuite>
